<?xml version="1.0" encoding="UTF-8"?>
<!-- Generated by org.testng.reporters.JUnitXMLReporter -->
<testsuite hostname="ATH051663" ignored="0" name="Test" tests="3" failures="1" timestamp="23 Jul 2020 06:37:51 GMT" time="149.627" errors="0">
  <testcase name="totalValidation" time="70.106" classname="com.appium.framework.AppiumJavaFramework.ContextSwitchDemo"/>
  <testcase name="firstTestDemo" time="25.349" classname="com.appium.framework.AppiumJavaFramework.FirstTest"/>
  <testcase name="firstTestDemo" time="20.438" classname="com.appium.framework.AppiumJavaFramework.FailedTest">
    <failure type="java.lang.AssertionError" message="expected [Key/value is not present] but found [Preference]">
      <![CDATA[java.lang.AssertionError: expected [Key/value is not present] but found [Preference]
at com.appium.framework.AppiumJavaFramework.FailedTest.firstTestDemo(FailedTest.java:23)
... Removed 31 stack frames]]>
    </failure>
  </testcase> <!-- firstTestDemo -->
</testsuite> <!-- Test -->
