<?xml version="1.0" encoding="UTF-8"?>
<testng-results skipped="0" failed="0" ignored="0" total="1" passed="1">
  <reporter-output>
  </reporter-output>
  <suite name="Default suite" duration-ms="28316" started-at="2020-07-23T18:36:18Z" finished-at="2020-07-23T18:36:47Z">
    <groups>
    </groups>
    <test name="Default test" duration-ms="28316" started-at="2020-07-23T18:36:18Z" finished-at="2020-07-23T18:36:47Z">
      <class name="com.appium.framework.AppiumJavaFramework.FailedTest">
        <test-method status="PASS" signature="startServer()[pri:0, instance:com.appium.framework.AppiumJavaFramework.FailedTest@6ddf90b0]" name="startServer" is-config="true" duration-ms="9893" started-at="2020-07-23T18:36:19Z" finished-at="2020-07-23T18:36:28Z">
          <reporter-output>
          </reporter-output>
        </test-method> <!-- startServer -->
        <test-method status="PASS" signature="firstTestDemo()[pri:0, instance:com.appium.framework.AppiumJavaFramework.FailedTest@6ddf90b0]" name="firstTestDemo" duration-ms="18353" started-at="2020-07-23T18:36:28Z" finished-at="2020-07-23T18:36:47Z">
          <reporter-output>
          </reporter-output>
        </test-method> <!-- firstTestDemo -->
        <test-method status="PASS" signature="stopServer()[pri:0, instance:com.appium.framework.AppiumJavaFramework.FailedTest@6ddf90b0]" name="stopServer" is-config="true" duration-ms="52" started-at="2020-07-23T18:36:47Z" finished-at="2020-07-23T18:36:47Z">
          <reporter-output>
          </reporter-output>
        </test-method> <!-- stopServer -->
      </class> <!-- com.appium.framework.AppiumJavaFramework.FailedTest -->
    </test> <!-- Default test -->
  </suite> <!-- Default suite -->
</testng-results>
